<?xml version="1.0" encoding="UTF-8"?>
<!-- Generated by org.testng.reporters.JUnitXMLReporter -->
<testsuite ignored="0" hostname="Serveshs-MacBook-Air.local" failures="0" tests="3" name="Default test" time="4.353" errors="0" timestamp="2024-05-16T22:30:17 IST">
  <testcase classname="assured.DynamicJson" name="addbook" time="3.791"/>
  <testcase classname="assured.DynamicJson" name="addbook" time="0.219"/>
  <testcase classname="assured.DynamicJson" name="addbook" time="0.174"/>
</testsuite> <!-- Default test -->
