<?xml version="1.0" encoding="UTF-8"?>
<testng-results ignored="0" total="3" passed="3" failed="0" skipped="0">
  <reporter-output>
  </reporter-output>
  <suite started-at="2024-05-16T22:30:13 IST" name="Default suite" finished-at="2024-05-16T22:30:17 IST" duration-ms="4353">
    <groups>
    </groups>
    <test started-at="2024-05-16T22:30:13 IST" name="Default test" finished-at="2024-05-16T22:30:17 IST" duration-ms="4353">
      <class name="assured.DynamicJson">
        <test-method signature="addbook(java.lang.String,java.lang.String)[pri:0, instance:assured.DynamicJson@31368b99]" started-at="2024-05-16T22:30:13 IST" name="addbook" data-provider="bData" finished-at="2024-05-16T22:30:17 IST" duration-ms="3791" status="PASS">
          <params>
            <param index="0">
              <value>
                <![CDATA[MLA]]>
              </value>
            </param>
            <param index="1">
              <value>
                <![CDATA[123]]>
              </value>
            </param>
          </params>
          <reporter-output>
          </reporter-output>
        </test-method> <!-- addbook -->
        <test-method signature="addbook(java.lang.String,java.lang.String)[pri:0, instance:assured.DynamicJson@31368b99]" started-at="2024-05-16T22:30:17 IST" name="addbook" data-provider="bData" finished-at="2024-05-16T22:30:17 IST" duration-ms="219" status="PASS">
          <params>
            <param index="0">
              <value>
                <![CDATA[MP]]>
              </value>
            </param>
            <param index="1">
              <value>
                <![CDATA[000]]>
              </value>
            </param>
          </params>
          <reporter-output>
          </reporter-output>
        </test-method> <!-- addbook -->
        <test-method signature="addbook(java.lang.String,java.lang.String)[pri:0, instance:assured.DynamicJson@31368b99]" started-at="2024-05-16T22:30:17 IST" name="addbook" data-provider="bData" finished-at="2024-05-16T22:30:17 IST" duration-ms="174" status="PASS">
          <params>
            <param index="0">
              <value>
                <![CDATA[PM]]>
              </value>
            </param>
            <param index="1">
              <value>
                <![CDATA[200]]>
              </value>
            </param>
          </params>
          <reporter-output>
          </reporter-output>
        </test-method> <!-- addbook -->
      </class> <!-- assured.DynamicJson -->
    </test> <!-- Default test -->
  </suite> <!-- Default suite -->
</testng-results>
